2016-04-09 11:08:55 Error: Fatal Error (64): Cannot use 'String' as class name as it is reserved in [/Applications/MAMP/htdocs/oneday_blog/lib/Cake/Utility/String.php, line 25]
2016-04-09 11:08:55 Error: [FatalErrorException] Cannot use 'String' as class name as it is reserved
Stack Trace:
#0 /Applications/MAMP/htdocs/oneday_blog/lib/Cake/Error/ErrorHandler.php(203): ErrorHandler::handleFatalError(64, 'Cannot use 'Str...', '/Applications/M...', 25)
#1 /Applications/MAMP/htdocs/oneday_blog/lib/Cake/Core/App.php(929): ErrorHandler::handleError(64, 'Cannot use 'Str...', '/Applications/M...', 25, Array)
#2 /Applications/MAMP/htdocs/oneday_blog/lib/Cake/Core/App.php(902): App::_checkFatalError()
#3 [internal function]: App::shutdown()
#4 {main}
2016-04-09 11:12:34 Error: Fatal Error (64): Cannot use 'String' as class name as it is reserved in [/Applications/MAMP/htdocs/oneday_blog/lib/Cake/Utility/String.php, line 25]
2016-04-09 11:12:34 Error: [FatalErrorException] Cannot use 'String' as class name as it is reserved
Stack Trace:
#0 /Applications/MAMP/htdocs/oneday_blog/lib/Cake/Error/ErrorHandler.php(203): ErrorHandler::handleFatalError(64, 'Cannot use 'Str...', '/Applications/M...', 25)
#1 /Applications/MAMP/htdocs/oneday_blog/lib/Cake/Core/App.php(929): ErrorHandler::handleError(64, 'Cannot use 'Str...', '/Applications/M...', 25, Array)
#2 /Applications/MAMP/htdocs/oneday_blog/lib/Cake/Core/App.php(902): App::_checkFatalError()
#3 [internal function]: App::shutdown()
#4 {main}
2016-04-09 11:24:44 Error: Fatal Error (64): Cannot use 'String' as class name as it is reserved in [/Applications/MAMP/htdocs/oneday_blog/lib/Cake/Utility/String.php, line 25]
2016-04-09 11:24:44 Error: [FatalErrorException] Cannot use 'String' as class name as it is reserved
Stack Trace:
#0 /Applications/MAMP/htdocs/oneday_blog/lib/Cake/Error/ErrorHandler.php(203): ErrorHandler::handleFatalError(64, 'Cannot use 'Str...', '/Applications/M...', 25)
#1 /Applications/MAMP/htdocs/oneday_blog/lib/Cake/Core/App.php(929): ErrorHandler::handleError(64, 'Cannot use 'Str...', '/Applications/M...', 25, Array)
#2 /Applications/MAMP/htdocs/oneday_blog/lib/Cake/Core/App.php(902): App::_checkFatalError()
#3 [internal function]: App::shutdown()
#4 {main}
2016-04-09 11:25:02 Error: Fatal Error (64): Cannot use 'String' as class name as it is reserved in [/Applications/MAMP/htdocs/oneday_blog/lib/Cake/Utility/String.php, line 25]
2016-04-09 11:25:02 Error: [FatalErrorException] Cannot use 'String' as class name as it is reserved
Stack Trace:
#0 /Applications/MAMP/htdocs/oneday_blog/lib/Cake/Error/ErrorHandler.php(203): ErrorHandler::handleFatalError(64, 'Cannot use 'Str...', '/Applications/M...', 25)
#1 /Applications/MAMP/htdocs/oneday_blog/lib/Cake/Core/App.php(929): ErrorHandler::handleError(64, 'Cannot use 'Str...', '/Applications/M...', 25, Array)
#2 /Applications/MAMP/htdocs/oneday_blog/lib/Cake/Core/App.php(902): App::_checkFatalError()
#3 [internal function]: App::shutdown()
#4 {main}
2016-04-09 11:25:24 Error: Fatal Error (64): Cannot use 'String' as class name as it is reserved in [/Applications/MAMP/htdocs/oneday_blog/lib/Cake/Utility/String.php, line 25]
2016-04-09 11:25:24 Error: [FatalErrorException] Cannot use 'String' as class name as it is reserved
Stack Trace:
#0 /Applications/MAMP/htdocs/oneday_blog/lib/Cake/Error/ErrorHandler.php(203): ErrorHandler::handleFatalError(64, 'Cannot use 'Str...', '/Applications/M...', 25)
#1 /Applications/MAMP/htdocs/oneday_blog/lib/Cake/Core/App.php(929): ErrorHandler::handleError(64, 'Cannot use 'Str...', '/Applications/M...', 25, Array)
#2 /Applications/MAMP/htdocs/oneday_blog/lib/Cake/Core/App.php(902): App::_checkFatalError()
#3 [internal function]: App::shutdown()
#4 {main}
2016-04-09 17:34:01 Error: Fatal Error (1): Uncaught TypeError: Argument 1 passed to ErrorHandler::handleException() must be an instance of Exception, instance of Error given in /Applications/MAMP/htdocs/oneday_blog/lib/Cake/Error/ErrorHandler.php:109
Stack trace:
#0 [internal function]: ErrorHandler::handleException(Object(Error))
#1 {main}
  thrown in [/Applications/MAMP/htdocs/oneday_blog/lib/Cake/Error/ErrorHandler.php, line 109]
2016-04-09 17:34:01 Error: [FatalErrorException] Uncaught TypeError: Argument 1 passed to ErrorHandler::handleException() must be an instance of Exception, instance of Error given in /Applications/MAMP/htdocs/oneday_blog/lib/Cake/Error/ErrorHandler.php:109
Stack trace:
#0 [internal function]: ErrorHandler::handleException(Object(Error))
#1 {main}
  thrown
Request URL: /oneday_blog/
Stack Trace:
#0 /Applications/MAMP/htdocs/oneday_blog/lib/Cake/Error/ErrorHandler.php(203): ErrorHandler::handleFatalError(1, 'Uncaught TypeEr...', '/Applications/M...', 109)
#1 /Applications/MAMP/htdocs/oneday_blog/lib/Cake/Core/App.php(929): ErrorHandler::handleError(1, 'Uncaught TypeEr...', '/Applications/M...', 109, Array)
#2 /Applications/MAMP/htdocs/oneday_blog/lib/Cake/Core/App.php(902): App::_checkFatalError()
#3 [internal function]: App::shutdown()
#4 {main}
2016-04-09 17:35:45 Error: Fatal Error (1): Uncaught TypeError: Argument 1 passed to ErrorHandler::handleException() must be an instance of Exception, instance of Error given in /Applications/MAMP/htdocs/oneday_blog/lib/Cake/Error/ErrorHandler.php:109
Stack trace:
#0 [internal function]: ErrorHandler::handleException(Object(Error))
#1 {main}
  thrown in [/Applications/MAMP/htdocs/oneday_blog/lib/Cake/Error/ErrorHandler.php, line 109]
2016-04-09 17:35:45 Error: [FatalErrorException] Uncaught TypeError: Argument 1 passed to ErrorHandler::handleException() must be an instance of Exception, instance of Error given in /Applications/MAMP/htdocs/oneday_blog/lib/Cake/Error/ErrorHandler.php:109
Stack trace:
#0 [internal function]: ErrorHandler::handleException(Object(Error))
#1 {main}
  thrown
Request URL: /oneday_blog/
Stack Trace:
#0 /Applications/MAMP/htdocs/oneday_blog/lib/Cake/Error/ErrorHandler.php(203): ErrorHandler::handleFatalError(1, 'Uncaught TypeEr...', '/Applications/M...', 109)
#1 /Applications/MAMP/htdocs/oneday_blog/lib/Cake/Core/App.php(929): ErrorHandler::handleError(1, 'Uncaught TypeEr...', '/Applications/M...', 109, Array)
#2 /Applications/MAMP/htdocs/oneday_blog/lib/Cake/Core/App.php(902): App::_checkFatalError()
#3 [internal function]: App::shutdown()
#4 {main}
2016-04-09 17:35:49 Error: Fatal Error (1): Uncaught TypeError: Argument 1 passed to ErrorHandler::handleException() must be an instance of Exception, instance of Error given in /Applications/MAMP/htdocs/oneday_blog/lib/Cake/Error/ErrorHandler.php:109
Stack trace:
#0 [internal function]: ErrorHandler::handleException(Object(Error))
#1 {main}
  thrown in [/Applications/MAMP/htdocs/oneday_blog/lib/Cake/Error/ErrorHandler.php, line 109]
2016-04-09 17:35:49 Error: [FatalErrorException] Uncaught TypeError: Argument 1 passed to ErrorHandler::handleException() must be an instance of Exception, instance of Error given in /Applications/MAMP/htdocs/oneday_blog/lib/Cake/Error/ErrorHandler.php:109
Stack trace:
#0 [internal function]: ErrorHandler::handleException(Object(Error))
#1 {main}
  thrown
Request URL: /oneday_blog/
Stack Trace:
#0 /Applications/MAMP/htdocs/oneday_blog/lib/Cake/Error/ErrorHandler.php(203): ErrorHandler::handleFatalError(1, 'Uncaught TypeEr...', '/Applications/M...', 109)
#1 /Applications/MAMP/htdocs/oneday_blog/lib/Cake/Core/App.php(929): ErrorHandler::handleError(1, 'Uncaught TypeEr...', '/Applications/M...', 109, Array)
#2 /Applications/MAMP/htdocs/oneday_blog/lib/Cake/Core/App.php(902): App::_checkFatalError()
#3 [internal function]: App::shutdown()
#4 {main}
2016-04-09 17:52:55 Error: Fatal Error (1): Uncaught TypeError: Argument 1 passed to ErrorHandler::_log() must be an instance of Exception, instance of Error given, called in /Applications/MAMP/htdocs/oneday_blog/lib/Cake/Error/ErrorHandler.php on line 111 and defined in /Applications/MAMP/htdocs/oneday_blog/lib/Cake/Error/ErrorHandler.php:166
Stack trace:
#0 /Applications/MAMP/htdocs/oneday_blog/lib/Cake/Error/ErrorHandler.php(111): ErrorHandler::_log(Object(Error), Array)
#1 [internal function]: ErrorHandler::handleException(Object(Error))
#2 {main}
  thrown in [/Applications/MAMP/htdocs/oneday_blog/lib/Cake/Error/ErrorHandler.php, line 166]
2016-04-09 17:53:13 Error: Fatal Error (64): Cannot declare class Strings, because the name is already in use in [/Applications/MAMP/htdocs/oneday_blog/lib/Cake/Utility/String.php, line 25]
2016-04-09 18:17:42 Error: Fatal Error (1): Uncaught TypeError: Argument 1 passed to ErrorHandler::handleException() must be an instance of Exception, instance of Error given in /Applications/MAMP/htdocs/oneday_blog/lib/Cake/Error/ErrorHandler.php:109
Stack trace:
#0 [internal function]: ErrorHandler::handleException(Object(Error))
#1 {main}
  thrown in [/Applications/MAMP/htdocs/oneday_blog/lib/Cake/Error/ErrorHandler.php, line 109]
2016-04-09 18:17:42 Error: [FatalErrorException] Uncaught TypeError: Argument 1 passed to ErrorHandler::handleException() must be an instance of Exception, instance of Error given in /Applications/MAMP/htdocs/oneday_blog/lib/Cake/Error/ErrorHandler.php:109
Stack trace:
#0 [internal function]: ErrorHandler::handleException(Object(Error))
#1 {main}
  thrown
Request URL: /oneday_blog/
Stack Trace:
#0 /Applications/MAMP/htdocs/oneday_blog/lib/Cake/Error/ErrorHandler.php(203): ErrorHandler::handleFatalError(1, 'Uncaught TypeEr...', '/Applications/M...', 109)
#1 /Applications/MAMP/htdocs/oneday_blog/lib/Cake/Core/App.php(929): ErrorHandler::handleError(1, 'Uncaught TypeEr...', '/Applications/M...', 109, Array)
#2 /Applications/MAMP/htdocs/oneday_blog/lib/Cake/Core/App.php(902): App::_checkFatalError()
#3 [internal function]: App::shutdown()
#4 {main}
2016-04-09 18:20:38 Error: Fatal Error (1): Uncaught TypeError: Argument 1 passed to ErrorHandler::_log() must be an instance of Exception, instance of Error given, called in /Applications/MAMP/htdocs/oneday_blog/lib/Cake/Error/ErrorHandler.php on line 111 and defined in /Applications/MAMP/htdocs/oneday_blog/lib/Cake/Error/ErrorHandler.php:166
Stack trace:
#0 /Applications/MAMP/htdocs/oneday_blog/lib/Cake/Error/ErrorHandler.php(111): ErrorHandler::_log(Object(Error), Array)
#1 [internal function]: ErrorHandler::handleException(Object(Error))
#2 {main}
  thrown in [/Applications/MAMP/htdocs/oneday_blog/lib/Cake/Error/ErrorHandler.php, line 166]
2016-04-09 18:20:41 Error: Fatal Error (1): Uncaught TypeError: Argument 1 passed to ErrorHandler::_log() must be an instance of Exception, instance of Error given, called in /Applications/MAMP/htdocs/oneday_blog/lib/Cake/Error/ErrorHandler.php on line 111 and defined in /Applications/MAMP/htdocs/oneday_blog/lib/Cake/Error/ErrorHandler.php:166
Stack trace:
#0 /Applications/MAMP/htdocs/oneday_blog/lib/Cake/Error/ErrorHandler.php(111): ErrorHandler::_log(Object(Error), Array)
#1 [internal function]: ErrorHandler::handleException(Object(Error))
#2 {main}
  thrown in [/Applications/MAMP/htdocs/oneday_blog/lib/Cake/Error/ErrorHandler.php, line 166]
2016-04-09 18:33:38 Error: Fatal Error (1): Uncaught TypeError: Argument 1 passed to ErrorHandler::handleException() must be an instance of Exception, instance of Error given in /Applications/MAMP/htdocs/oneday_blog/lib/Cake/Error/ErrorHandler.php:109
Stack trace:
#0 [internal function]: ErrorHandler::handleException(Object(Error))
#1 {main}
  thrown in [/Applications/MAMP/htdocs/oneday_blog/lib/Cake/Error/ErrorHandler.php, line 109]
2016-04-09 18:33:38 Error: [FatalErrorException] Uncaught TypeError: Argument 1 passed to ErrorHandler::handleException() must be an instance of Exception, instance of Error given in /Applications/MAMP/htdocs/oneday_blog/lib/Cake/Error/ErrorHandler.php:109
Stack trace:
#0 [internal function]: ErrorHandler::handleException(Object(Error))
#1 {main}
  thrown
Request URL: /oneday_blog/
Stack Trace:
#0 /Applications/MAMP/htdocs/oneday_blog/lib/Cake/Error/ErrorHandler.php(203): ErrorHandler::handleFatalError(1, 'Uncaught TypeEr...', '/Applications/M...', 109)
#1 /Applications/MAMP/htdocs/oneday_blog/lib/Cake/Core/App.php(929): ErrorHandler::handleError(1, 'Uncaught TypeEr...', '/Applications/M...', 109, Array)
#2 /Applications/MAMP/htdocs/oneday_blog/lib/Cake/Core/App.php(902): App::_checkFatalError()
#3 [internal function]: App::shutdown()
#4 {main}
2016-04-09 18:34:42 Error: Fatal Error (1): Uncaught TypeError: Argument 1 passed to ErrorHandler::handleException() must be an instance of Exception, instance of Error given in /Applications/MAMP/htdocs/oneday_blog/lib/Cake/Error/ErrorHandler.php:109
Stack trace:
#0 [internal function]: ErrorHandler::handleException(Object(Error))
#1 {main}
  thrown in [/Applications/MAMP/htdocs/oneday_blog/lib/Cake/Error/ErrorHandler.php, line 109]
2016-04-09 18:34:42 Error: [FatalErrorException] Uncaught TypeError: Argument 1 passed to ErrorHandler::handleException() must be an instance of Exception, instance of Error given in /Applications/MAMP/htdocs/oneday_blog/lib/Cake/Error/ErrorHandler.php:109
Stack trace:
#0 [internal function]: ErrorHandler::handleException(Object(Error))
#1 {main}
  thrown
Request URL: /oneday_blog/
Stack Trace:
#0 /Applications/MAMP/htdocs/oneday_blog/lib/Cake/Error/ErrorHandler.php(203): ErrorHandler::handleFatalError(1, 'Uncaught TypeEr...', '/Applications/M...', 109)
#1 /Applications/MAMP/htdocs/oneday_blog/lib/Cake/Core/App.php(929): ErrorHandler::handleError(1, 'Uncaught TypeEr...', '/Applications/M...', 109, Array)
#2 /Applications/MAMP/htdocs/oneday_blog/lib/Cake/Core/App.php(902): App::_checkFatalError()
#3 [internal function]: App::shutdown()
#4 {main}
2016-04-09 18:34:45 Error: Fatal Error (1): Uncaught TypeError: Argument 1 passed to ErrorHandler::handleException() must be an instance of Exception, instance of Error given in /Applications/MAMP/htdocs/oneday_blog/lib/Cake/Error/ErrorHandler.php:109
Stack trace:
#0 [internal function]: ErrorHandler::handleException(Object(Error))
#1 {main}
  thrown in [/Applications/MAMP/htdocs/oneday_blog/lib/Cake/Error/ErrorHandler.php, line 109]
2016-04-09 18:34:45 Error: [FatalErrorException] Uncaught TypeError: Argument 1 passed to ErrorHandler::handleException() must be an instance of Exception, instance of Error given in /Applications/MAMP/htdocs/oneday_blog/lib/Cake/Error/ErrorHandler.php:109
Stack trace:
#0 [internal function]: ErrorHandler::handleException(Object(Error))
#1 {main}
  thrown
Request URL: /oneday_blog/
Stack Trace:
#0 /Applications/MAMP/htdocs/oneday_blog/lib/Cake/Error/ErrorHandler.php(203): ErrorHandler::handleFatalError(1, 'Uncaught TypeEr...', '/Applications/M...', 109)
#1 /Applications/MAMP/htdocs/oneday_blog/lib/Cake/Core/App.php(929): ErrorHandler::handleError(1, 'Uncaught TypeEr...', '/Applications/M...', 109, Array)
#2 /Applications/MAMP/htdocs/oneday_blog/lib/Cake/Core/App.php(902): App::_checkFatalError()
#3 [internal function]: App::shutdown()
#4 {main}
2016-04-09 18:35:56 Error: Fatal Error (1): Uncaught TypeError: Argument 1 passed to ErrorHandler::handleException() must be an instance of Exception, instance of Error given in /Applications/MAMP/htdocs/oneday_blog/lib/Cake/Error/ErrorHandler.php:109
Stack trace:
#0 [internal function]: ErrorHandler::handleException(Object(Error))
#1 {main}
  thrown in [/Applications/MAMP/htdocs/oneday_blog/lib/Cake/Error/ErrorHandler.php, line 109]
2016-04-09 18:35:56 Error: [FatalErrorException] Uncaught TypeError: Argument 1 passed to ErrorHandler::handleException() must be an instance of Exception, instance of Error given in /Applications/MAMP/htdocs/oneday_blog/lib/Cake/Error/ErrorHandler.php:109
Stack trace:
#0 [internal function]: ErrorHandler::handleException(Object(Error))
#1 {main}
  thrown
Request URL: /oneday_blog/
Stack Trace:
#0 /Applications/MAMP/htdocs/oneday_blog/lib/Cake/Error/ErrorHandler.php(203): ErrorHandler::handleFatalError(1, 'Uncaught TypeEr...', '/Applications/M...', 109)
#1 /Applications/MAMP/htdocs/oneday_blog/lib/Cake/Core/App.php(929): ErrorHandler::handleError(1, 'Uncaught TypeEr...', '/Applications/M...', 109, Array)
#2 /Applications/MAMP/htdocs/oneday_blog/lib/Cake/Core/App.php(902): App::_checkFatalError()
#3 [internal function]: App::shutdown()
#4 {main}
2016-04-09 18:35:59 Error: Fatal Error (1): Uncaught TypeError: Argument 1 passed to ErrorHandler::handleException() must be an instance of Exception, instance of Error given in /Applications/MAMP/htdocs/oneday_blog/lib/Cake/Error/ErrorHandler.php:109
Stack trace:
#0 [internal function]: ErrorHandler::handleException(Object(Error))
#1 {main}
  thrown in [/Applications/MAMP/htdocs/oneday_blog/lib/Cake/Error/ErrorHandler.php, line 109]
2016-04-09 18:35:59 Error: [FatalErrorException] Uncaught TypeError: Argument 1 passed to ErrorHandler::handleException() must be an instance of Exception, instance of Error given in /Applications/MAMP/htdocs/oneday_blog/lib/Cake/Error/ErrorHandler.php:109
Stack trace:
#0 [internal function]: ErrorHandler::handleException(Object(Error))
#1 {main}
  thrown
Request URL: /oneday_blog/
Stack Trace:
#0 /Applications/MAMP/htdocs/oneday_blog/lib/Cake/Error/ErrorHandler.php(203): ErrorHandler::handleFatalError(1, 'Uncaught TypeEr...', '/Applications/M...', 109)
#1 /Applications/MAMP/htdocs/oneday_blog/lib/Cake/Core/App.php(929): ErrorHandler::handleError(1, 'Uncaught TypeEr...', '/Applications/M...', 109, Array)
#2 /Applications/MAMP/htdocs/oneday_blog/lib/Cake/Core/App.php(902): App::_checkFatalError()
#3 [internal function]: App::shutdown()
#4 {main}
2016-04-09 18:36:27 Error: Fatal Error (1): Uncaught TypeError: Argument 1 passed to ErrorHandler::handleException() must be an instance of Exception, instance of Error given in /Applications/MAMP/htdocs/oneday_blog/lib/Cake/Error/ErrorHandler.php:109
Stack trace:
#0 [internal function]: ErrorHandler::handleException(Object(Error))
#1 {main}
  thrown in [/Applications/MAMP/htdocs/oneday_blog/lib/Cake/Error/ErrorHandler.php, line 109]
2016-04-09 18:36:27 Error: [FatalErrorException] Uncaught TypeError: Argument 1 passed to ErrorHandler::handleException() must be an instance of Exception, instance of Error given in /Applications/MAMP/htdocs/oneday_blog/lib/Cake/Error/ErrorHandler.php:109
Stack trace:
#0 [internal function]: ErrorHandler::handleException(Object(Error))
#1 {main}
  thrown
Request URL: /oneday_blog/
Stack Trace:
#0 /Applications/MAMP/htdocs/oneday_blog/lib/Cake/Error/ErrorHandler.php(203): ErrorHandler::handleFatalError(1, 'Uncaught TypeEr...', '/Applications/M...', 109)
#1 /Applications/MAMP/htdocs/oneday_blog/lib/Cake/Core/App.php(929): ErrorHandler::handleError(1, 'Uncaught TypeEr...', '/Applications/M...', 109, Array)
#2 /Applications/MAMP/htdocs/oneday_blog/lib/Cake/Core/App.php(902): App::_checkFatalError()
#3 [internal function]: App::shutdown()
#4 {main}
2016-04-09 18:36:57 Error: Fatal Error (1): Uncaught TypeError: Argument 1 passed to ErrorHandler::handleException() must be an instance of Exception, instance of Error given in /Applications/MAMP/htdocs/oneday_blog/lib/Cake/Error/ErrorHandler.php:109
Stack trace:
#0 [internal function]: ErrorHandler::handleException(Object(Error))
#1 {main}
  thrown in [/Applications/MAMP/htdocs/oneday_blog/lib/Cake/Error/ErrorHandler.php, line 109]
2016-04-09 18:36:57 Error: [FatalErrorException] Uncaught TypeError: Argument 1 passed to ErrorHandler::handleException() must be an instance of Exception, instance of Error given in /Applications/MAMP/htdocs/oneday_blog/lib/Cake/Error/ErrorHandler.php:109
Stack trace:
#0 [internal function]: ErrorHandler::handleException(Object(Error))
#1 {main}
  thrown
Request URL: /oneday_blog/
Stack Trace:
#0 /Applications/MAMP/htdocs/oneday_blog/lib/Cake/Error/ErrorHandler.php(203): ErrorHandler::handleFatalError(1, 'Uncaught TypeEr...', '/Applications/M...', 109)
#1 /Applications/MAMP/htdocs/oneday_blog/lib/Cake/Core/App.php(929): ErrorHandler::handleError(1, 'Uncaught TypeEr...', '/Applications/M...', 109, Array)
#2 /Applications/MAMP/htdocs/oneday_blog/lib/Cake/Core/App.php(902): App::_checkFatalError()
#3 [internal function]: App::shutdown()
#4 {main}
2016-04-09 18:36:59 Error: Fatal Error (1): Uncaught TypeError: Argument 1 passed to ErrorHandler::handleException() must be an instance of Exception, instance of Error given in /Applications/MAMP/htdocs/oneday_blog/lib/Cake/Error/ErrorHandler.php:109
Stack trace:
#0 [internal function]: ErrorHandler::handleException(Object(Error))
#1 {main}
  thrown in [/Applications/MAMP/htdocs/oneday_blog/lib/Cake/Error/ErrorHandler.php, line 109]
2016-04-09 18:36:59 Error: [FatalErrorException] Uncaught TypeError: Argument 1 passed to ErrorHandler::handleException() must be an instance of Exception, instance of Error given in /Applications/MAMP/htdocs/oneday_blog/lib/Cake/Error/ErrorHandler.php:109
Stack trace:
#0 [internal function]: ErrorHandler::handleException(Object(Error))
#1 {main}
  thrown
Request URL: /oneday_blog/
Stack Trace:
#0 /Applications/MAMP/htdocs/oneday_blog/lib/Cake/Error/ErrorHandler.php(203): ErrorHandler::handleFatalError(1, 'Uncaught TypeEr...', '/Applications/M...', 109)
#1 /Applications/MAMP/htdocs/oneday_blog/lib/Cake/Core/App.php(929): ErrorHandler::handleError(1, 'Uncaught TypeEr...', '/Applications/M...', 109, Array)
#2 /Applications/MAMP/htdocs/oneday_blog/lib/Cake/Core/App.php(902): App::_checkFatalError()
#3 [internal function]: App::shutdown()
#4 {main}
2016-04-09 18:37:03 Error: Fatal Error (1): Uncaught TypeError: Argument 1 passed to ErrorHandler::handleException() must be an instance of Exception, instance of Error given in /Applications/MAMP/htdocs/oneday_blog/lib/Cake/Error/ErrorHandler.php:109
Stack trace:
#0 [internal function]: ErrorHandler::handleException(Object(Error))
#1 {main}
  thrown in [/Applications/MAMP/htdocs/oneday_blog/lib/Cake/Error/ErrorHandler.php, line 109]
2016-04-09 18:37:03 Error: [FatalErrorException] Uncaught TypeError: Argument 1 passed to ErrorHandler::handleException() must be an instance of Exception, instance of Error given in /Applications/MAMP/htdocs/oneday_blog/lib/Cake/Error/ErrorHandler.php:109
Stack trace:
#0 [internal function]: ErrorHandler::handleException(Object(Error))
#1 {main}
  thrown
Request URL: /oneday_blog/
Stack Trace:
#0 /Applications/MAMP/htdocs/oneday_blog/lib/Cake/Error/ErrorHandler.php(203): ErrorHandler::handleFatalError(1, 'Uncaught TypeEr...', '/Applications/M...', 109)
#1 /Applications/MAMP/htdocs/oneday_blog/lib/Cake/Core/App.php(929): ErrorHandler::handleError(1, 'Uncaught TypeEr...', '/Applications/M...', 109, Array)
#2 /Applications/MAMP/htdocs/oneday_blog/lib/Cake/Core/App.php(902): App::_checkFatalError()
#3 [internal function]: App::shutdown()
#4 {main}
2016-04-10 02:18:04 Error: Fatal Error (1): Uncaught TypeError: Argument 1 passed to ErrorHandler::handleException() must be an instance of Exception, instance of Error given in /Applications/MAMP/htdocs/oneday_blog/lib/Cake/Error/ErrorHandler.php:109
Stack trace:
#0 [internal function]: ErrorHandler::handleException(Object(Error))
#1 {main}
  thrown in [/Applications/MAMP/htdocs/oneday_blog/lib/Cake/Error/ErrorHandler.php, line 109]
2016-04-10 02:18:04 Error: [FatalErrorException] Uncaught TypeError: Argument 1 passed to ErrorHandler::handleException() must be an instance of Exception, instance of Error given in /Applications/MAMP/htdocs/oneday_blog/lib/Cake/Error/ErrorHandler.php:109
Stack trace:
#0 [internal function]: ErrorHandler::handleException(Object(Error))
#1 {main}
  thrown
Request URL: /oneday_blog/
Stack Trace:
#0 /Applications/MAMP/htdocs/oneday_blog/lib/Cake/Error/ErrorHandler.php(203): ErrorHandler::handleFatalError(1, 'Uncaught TypeEr...', '/Applications/M...', 109)
#1 /Applications/MAMP/htdocs/oneday_blog/lib/Cake/Core/App.php(929): ErrorHandler::handleError(1, 'Uncaught TypeEr...', '/Applications/M...', 109, Array)
#2 /Applications/MAMP/htdocs/oneday_blog/lib/Cake/Core/App.php(902): App::_checkFatalError()
#3 [internal function]: App::shutdown()
#4 {main}
2016-04-10 02:27:42 Error: Fatal Error (1): Uncaught TypeError: Argument 1 passed to ErrorHandler::handleException() must be an instance of Exception, instance of Error given in /Applications/MAMP/htdocs/oneday_blog/lib/Cake/Error/ErrorHandler.php:109
Stack trace:
#0 [internal function]: ErrorHandler::handleException(Object(Error))
#1 {main}
  thrown in [/Applications/MAMP/htdocs/oneday_blog/lib/Cake/Error/ErrorHandler.php, line 109]
2016-04-10 02:27:42 Error: [FatalErrorException] Uncaught TypeError: Argument 1 passed to ErrorHandler::handleException() must be an instance of Exception, instance of Error given in /Applications/MAMP/htdocs/oneday_blog/lib/Cake/Error/ErrorHandler.php:109
Stack trace:
#0 [internal function]: ErrorHandler::handleException(Object(Error))
#1 {main}
  thrown
Request URL: /oneday_blog/
Stack Trace:
#0 /Applications/MAMP/htdocs/oneday_blog/lib/Cake/Error/ErrorHandler.php(203): ErrorHandler::handleFatalError(1, 'Uncaught TypeEr...', '/Applications/M...', 109)
#1 /Applications/MAMP/htdocs/oneday_blog/lib/Cake/Core/App.php(929): ErrorHandler::handleError(1, 'Uncaught TypeEr...', '/Applications/M...', 109, Array)
#2 /Applications/MAMP/htdocs/oneday_blog/lib/Cake/Core/App.php(902): App::_checkFatalError()
#3 [internal function]: App::shutdown()
#4 {main}
2016-04-10 02:36:29 Error: Fatal Error (1): Uncaught TypeError: Argument 1 passed to ErrorHandler::handleException() must be an instance of Exception, instance of Error given in /Applications/MAMP/htdocs/oneday_blog/lib/Cake/Error/ErrorHandler.php:109
Stack trace:
#0 [internal function]: ErrorHandler::handleException(Object(Error))
#1 {main}
  thrown in [/Applications/MAMP/htdocs/oneday_blog/lib/Cake/Error/ErrorHandler.php, line 109]
2016-04-10 02:36:29 Error: [FatalErrorException] Uncaught TypeError: Argument 1 passed to ErrorHandler::handleException() must be an instance of Exception, instance of Error given in /Applications/MAMP/htdocs/oneday_blog/lib/Cake/Error/ErrorHandler.php:109
Stack trace:
#0 [internal function]: ErrorHandler::handleException(Object(Error))
#1 {main}
  thrown
Request URL: /oneday_blog/
Stack Trace:
#0 /Applications/MAMP/htdocs/oneday_blog/lib/Cake/Error/ErrorHandler.php(203): ErrorHandler::handleFatalError(1, 'Uncaught TypeEr...', '/Applications/M...', 109)
#1 /Applications/MAMP/htdocs/oneday_blog/lib/Cake/Core/App.php(929): ErrorHandler::handleError(1, 'Uncaught TypeEr...', '/Applications/M...', 109, Array)
#2 /Applications/MAMP/htdocs/oneday_blog/lib/Cake/Core/App.php(902): App::_checkFatalError()
#3 [internal function]: App::shutdown()
#4 {main}
2016-04-10 02:36:31 Error: Fatal Error (1): Uncaught TypeError: Argument 1 passed to ErrorHandler::handleException() must be an instance of Exception, instance of Error given in /Applications/MAMP/htdocs/oneday_blog/lib/Cake/Error/ErrorHandler.php:109
Stack trace:
#0 [internal function]: ErrorHandler::handleException(Object(Error))
#1 {main}
  thrown in [/Applications/MAMP/htdocs/oneday_blog/lib/Cake/Error/ErrorHandler.php, line 109]
2016-04-10 02:36:31 Error: [FatalErrorException] Uncaught TypeError: Argument 1 passed to ErrorHandler::handleException() must be an instance of Exception, instance of Error given in /Applications/MAMP/htdocs/oneday_blog/lib/Cake/Error/ErrorHandler.php:109
Stack trace:
#0 [internal function]: ErrorHandler::handleException(Object(Error))
#1 {main}
  thrown
Request URL: /oneday_blog/
Stack Trace:
#0 /Applications/MAMP/htdocs/oneday_blog/lib/Cake/Error/ErrorHandler.php(203): ErrorHandler::handleFatalError(1, 'Uncaught TypeEr...', '/Applications/M...', 109)
#1 /Applications/MAMP/htdocs/oneday_blog/lib/Cake/Core/App.php(929): ErrorHandler::handleError(1, 'Uncaught TypeEr...', '/Applications/M...', 109, Array)
#2 /Applications/MAMP/htdocs/oneday_blog/lib/Cake/Core/App.php(902): App::_checkFatalError()
#3 [internal function]: App::shutdown()
#4 {main}
2016-04-10 02:51:40 Error: Fatal Error (1): Call to undefined method Router::connedt() in [/Applications/MAMP/htdocs/oneday_blog/app/Config/routes.php, line 28]
2016-04-10 02:51:40 Error: [FatalErrorException] Call to undefined method Router::connedt()
Request URL: /oneday_blog/
Stack Trace:
#0 /Applications/MAMP/htdocs/oneday_blog/lib/Cake/Error/ErrorHandler.php(203): ErrorHandler::handleFatalError(1, 'Call to undefin...', '/Applications/M...', 28)
#1 [internal function]: ErrorHandler::handleError(1, 'Call to undefin...', '/Applications/M...', 28, Array)
#2 /Applications/MAMP/htdocs/oneday_blog/lib/Cake/Core/App.php(929): call_user_func('ErrorHandler::h...', 1, 'Call to undefin...', '/Applications/M...', 28, Array)
#3 /Applications/MAMP/htdocs/oneday_blog/lib/Cake/Core/App.php(902): App::_checkFatalError()
#4 [internal function]: App::shutdown()
#5 {main}
2016-04-10 03:28:53 Error: Fatal Error (4): syntax error, unexpected 'endforeach' (T_ENDFOREACH) in [/Applications/MAMP/htdocs/oneday_blog/app/View/Posts/index.ctp, line 14]
2016-04-10 03:28:53 Error: [FatalErrorException] syntax error, unexpected 'endforeach' (T_ENDFOREACH)
Request URL: /oneday_blog/posts
Stack Trace:
#0 /Applications/MAMP/htdocs/oneday_blog/lib/Cake/Error/ErrorHandler.php(203): ErrorHandler::handleFatalError(4, 'syntax error, u...', '/Applications/M...', 14)
#1 [internal function]: ErrorHandler::handleError(4, 'syntax error, u...', '/Applications/M...', 14, Array)
#2 /Applications/MAMP/htdocs/oneday_blog/lib/Cake/Core/App.php(929): call_user_func('ErrorHandler::h...', 4, 'syntax error, u...', '/Applications/M...', 14, Array)
#3 /Applications/MAMP/htdocs/oneday_blog/lib/Cake/Core/App.php(902): App::_checkFatalError()
#4 [internal function]: App::shutdown()
#5 {main}
2016-04-10 03:29:23 Error: Fatal Error (4): syntax error, unexpected 'endforeach' (T_ENDFOREACH) in [/Applications/MAMP/htdocs/oneday_blog/app/View/Posts/index.ctp, line 21]
2016-04-10 03:29:23 Error: [FatalErrorException] syntax error, unexpected 'endforeach' (T_ENDFOREACH)
Request URL: /oneday_blog/posts
Stack Trace:
#0 /Applications/MAMP/htdocs/oneday_blog/lib/Cake/Error/ErrorHandler.php(203): ErrorHandler::handleFatalError(4, 'syntax error, u...', '/Applications/M...', 21)
#1 [internal function]: ErrorHandler::handleError(4, 'syntax error, u...', '/Applications/M...', 21, Array)
#2 /Applications/MAMP/htdocs/oneday_blog/lib/Cake/Core/App.php(929): call_user_func('ErrorHandler::h...', 4, 'syntax error, u...', '/Applications/M...', 21, Array)
#3 /Applications/MAMP/htdocs/oneday_blog/lib/Cake/Core/App.php(902): App::_checkFatalError()
#4 [internal function]: App::shutdown()
#5 {main}
2016-04-10 03:30:16 Error: Fatal Error (64): Cannot redeclare class Strings in [/Applications/MAMP/htdocs/oneday_blog/lib/Cake/Utility/String.php, line 25]
2016-04-10 03:30:16 Error: [FatalErrorException] Cannot redeclare class Strings
Request URL: /oneday_blog/posts
Stack Trace:
#0 /Applications/MAMP/htdocs/oneday_blog/lib/Cake/Error/ErrorHandler.php(203): ErrorHandler::handleFatalError(64, 'Cannot redeclar...', '/Applications/M...', 25)
#1 [internal function]: ErrorHandler::handleError(64, 'Cannot redeclar...', '/Applications/M...', 25, Array)
#2 /Applications/MAMP/htdocs/oneday_blog/lib/Cake/Core/App.php(929): call_user_func('ErrorHandler::h...', 64, 'Cannot redeclar...', '/Applications/M...', 25, Array)
#3 /Applications/MAMP/htdocs/oneday_blog/lib/Cake/Core/App.php(902): App::_checkFatalError()
#4 [internal function]: App::shutdown()
#5 {main}
2016-04-10 03:31:52 Error: Fatal Error (4): syntax error, unexpected 'endforeach' (T_ENDFOREACH) in [/Applications/MAMP/htdocs/oneday_blog/app/View/Posts/index.ctp, line 21]
2016-04-10 03:31:52 Error: [FatalErrorException] syntax error, unexpected 'endforeach' (T_ENDFOREACH)
Request URL: /oneday_blog/posts
Stack Trace:
#0 /Applications/MAMP/htdocs/oneday_blog/lib/Cake/Error/ErrorHandler.php(203): ErrorHandler::handleFatalError(4, 'syntax error, u...', '/Applications/M...', 21)
#1 [internal function]: ErrorHandler::handleError(4, 'syntax error, u...', '/Applications/M...', 21, Array)
#2 /Applications/MAMP/htdocs/oneday_blog/lib/Cake/Core/App.php(929): call_user_func('ErrorHandler::h...', 4, 'syntax error, u...', '/Applications/M...', 21, Array)
#3 /Applications/MAMP/htdocs/oneday_blog/lib/Cake/Core/App.php(902): App::_checkFatalError()
#4 [internal function]: App::shutdown()
#5 {main}
2016-04-10 03:53:18 Error: Fatal Error (4): syntax error, unexpected 'Post' (T_STRING) in [/Applications/MAMP/htdocs/oneday_blog/app/Config/routes.php, line 31]
2016-04-10 03:53:18 Error: [FatalErrorException] syntax error, unexpected 'Post' (T_STRING)
Request URL: /oneday_blog/posts
Stack Trace:
#0 /Applications/MAMP/htdocs/oneday_blog/lib/Cake/Error/ErrorHandler.php(203): ErrorHandler::handleFatalError(4, 'syntax error, u...', '/Applications/M...', 31)
#1 [internal function]: ErrorHandler::handleError(4, 'syntax error, u...', '/Applications/M...', 31, Array)
#2 /Applications/MAMP/htdocs/oneday_blog/lib/Cake/Core/App.php(929): call_user_func('ErrorHandler::h...', 4, 'syntax error, u...', '/Applications/M...', 31, Array)
#3 /Applications/MAMP/htdocs/oneday_blog/lib/Cake/Core/App.php(902): App::_checkFatalError()
#4 [internal function]: App::shutdown()
#5 {main}
2016-04-10 03:55:32 Error: Fatal Error (4): syntax error, unexpected 'user_id' (T_STRING) in [/Applications/MAMP/htdocs/oneday_blog/app/Config/routes.php, line 31]
2016-04-10 03:55:32 Error: [FatalErrorException] syntax error, unexpected 'user_id' (T_STRING)
Request URL: /oneday_blog/posts
Stack Trace:
#0 /Applications/MAMP/htdocs/oneday_blog/lib/Cake/Error/ErrorHandler.php(203): ErrorHandler::handleFatalError(4, 'syntax error, u...', '/Applications/M...', 31)
#1 [internal function]: ErrorHandler::handleError(4, 'syntax error, u...', '/Applications/M...', 31, Array)
#2 /Applications/MAMP/htdocs/oneday_blog/lib/Cake/Core/App.php(929): call_user_func('ErrorHandler::h...', 4, 'syntax error, u...', '/Applications/M...', 31, Array)
#3 /Applications/MAMP/htdocs/oneday_blog/lib/Cake/Core/App.php(902): App::_checkFatalError()
#4 [internal function]: App::shutdown()
#5 {main}
2016-04-10 03:56:07 Error: Fatal Error (4): syntax error, unexpected 'post_id' (T_STRING) in [/Applications/MAMP/htdocs/oneday_blog/app/Config/routes.php, line 31]
2016-04-10 03:56:07 Error: [FatalErrorException] syntax error, unexpected 'post_id' (T_STRING)
Request URL: /oneday_blog/posts
Stack Trace:
#0 /Applications/MAMP/htdocs/oneday_blog/lib/Cake/Error/ErrorHandler.php(203): ErrorHandler::handleFatalError(4, 'syntax error, u...', '/Applications/M...', 31)
#1 [internal function]: ErrorHandler::handleError(4, 'syntax error, u...', '/Applications/M...', 31, Array)
#2 /Applications/MAMP/htdocs/oneday_blog/lib/Cake/Core/App.php(929): call_user_func('ErrorHandler::h...', 4, 'syntax error, u...', '/Applications/M...', 31, Array)
#3 /Applications/MAMP/htdocs/oneday_blog/lib/Cake/Core/App.php(902): App::_checkFatalError()
#4 [internal function]: App::shutdown()
#5 {main}
2016-04-10 03:56:16 Error: Fatal Error (4): syntax error, unexpected 'id' (T_STRING) in [/Applications/MAMP/htdocs/oneday_blog/app/Config/routes.php, line 31]
2016-04-10 03:56:16 Error: [FatalErrorException] syntax error, unexpected 'id' (T_STRING)
Request URL: /oneday_blog/posts
Stack Trace:
#0 /Applications/MAMP/htdocs/oneday_blog/lib/Cake/Error/ErrorHandler.php(203): ErrorHandler::handleFatalError(4, 'syntax error, u...', '/Applications/M...', 31)
#1 [internal function]: ErrorHandler::handleError(4, 'syntax error, u...', '/Applications/M...', 31, Array)
#2 /Applications/MAMP/htdocs/oneday_blog/lib/Cake/Core/App.php(929): call_user_func('ErrorHandler::h...', 4, 'syntax error, u...', '/Applications/M...', 31, Array)
#3 /Applications/MAMP/htdocs/oneday_blog/lib/Cake/Core/App.php(902): App::_checkFatalError()
#4 [internal function]: App::shutdown()
#5 {main}
2016-04-10 03:56:37 Error: Fatal Error (4): syntax error, unexpected 'id' (T_STRING) in [/Applications/MAMP/htdocs/oneday_blog/app/Config/routes.php, line 31]
2016-04-10 03:56:37 Error: [FatalErrorException] syntax error, unexpected 'id' (T_STRING)
Request URL: /oneday_blog/posts
Stack Trace:
#0 /Applications/MAMP/htdocs/oneday_blog/lib/Cake/Error/ErrorHandler.php(203): ErrorHandler::handleFatalError(4, 'syntax error, u...', '/Applications/M...', 31)
#1 [internal function]: ErrorHandler::handleError(4, 'syntax error, u...', '/Applications/M...', 31, Array)
#2 /Applications/MAMP/htdocs/oneday_blog/lib/Cake/Core/App.php(929): call_user_func('ErrorHandler::h...', 4, 'syntax error, u...', '/Applications/M...', 31, Array)
#3 /Applications/MAMP/htdocs/oneday_blog/lib/Cake/Core/App.php(902): App::_checkFatalError()
#4 [internal function]: App::shutdown()
#5 {main}
2016-04-10 03:56:51 Error: Fatal Error (4): syntax error, unexpected 'Post' (T_STRING) in [/Applications/MAMP/htdocs/oneday_blog/app/Config/routes.php, line 31]
2016-04-10 03:56:51 Error: [FatalErrorException] syntax error, unexpected 'Post' (T_STRING)
Request URL: /oneday_blog/posts
Stack Trace:
#0 /Applications/MAMP/htdocs/oneday_blog/lib/Cake/Error/ErrorHandler.php(203): ErrorHandler::handleFatalError(4, 'syntax error, u...', '/Applications/M...', 31)
#1 [internal function]: ErrorHandler::handleError(4, 'syntax error, u...', '/Applications/M...', 31, Array)
#2 /Applications/MAMP/htdocs/oneday_blog/lib/Cake/Core/App.php(929): call_user_func('ErrorHandler::h...', 4, 'syntax error, u...', '/Applications/M...', 31, Array)
#3 /Applications/MAMP/htdocs/oneday_blog/lib/Cake/Core/App.php(902): App::_checkFatalError()
#4 [internal function]: App::shutdown()
#5 {main}
2016-04-10 03:58:24 Error: Fatal Error (4): syntax error, unexpected 'post_id' (T_STRING) in [/Applications/MAMP/htdocs/oneday_blog/app/Config/routes.php, line 31]
2016-04-10 03:58:24 Error: [FatalErrorException] syntax error, unexpected 'post_id' (T_STRING)
Request URL: /oneday_blog/posts
Stack Trace:
#0 /Applications/MAMP/htdocs/oneday_blog/lib/Cake/Error/ErrorHandler.php(203): ErrorHandler::handleFatalError(4, 'syntax error, u...', '/Applications/M...', 31)
#1 [internal function]: ErrorHandler::handleError(4, 'syntax error, u...', '/Applications/M...', 31, Array)
#2 /Applications/MAMP/htdocs/oneday_blog/lib/Cake/Core/App.php(929): call_user_func('ErrorHandler::h...', 4, 'syntax error, u...', '/Applications/M...', 31, Array)
#3 /Applications/MAMP/htdocs/oneday_blog/lib/Cake/Core/App.php(902): App::_checkFatalError()
#4 [internal function]: App::shutdown()
#5 {main}
2016-04-10 09:52:29 Error: Fatal Error (4): syntax error, unexpected ')' in [/Applications/MAMP/htdocs/oneday_blog/app/View/Posts/detail.ctp, line 29]
2016-04-10 09:52:29 Error: [FatalErrorException] syntax error, unexpected ')'
Request URL: /oneday_blog/Posts/detail/1
Stack Trace:
#0 /Applications/MAMP/htdocs/oneday_blog/lib/Cake/Error/ErrorHandler.php(203): ErrorHandler::handleFatalError(4, 'syntax error, u...', '/Applications/M...', 29)
#1 [internal function]: ErrorHandler::handleError(4, 'syntax error, u...', '/Applications/M...', 29, Array)
#2 /Applications/MAMP/htdocs/oneday_blog/lib/Cake/Core/App.php(929): call_user_func('ErrorHandler::h...', 4, 'syntax error, u...', '/Applications/M...', 29, Array)
#3 /Applications/MAMP/htdocs/oneday_blog/lib/Cake/Core/App.php(902): App::_checkFatalError()
#4 [internal function]: App::shutdown()
#5 {main}
2016-04-10 09:53:32 Error: Fatal Error (4): syntax error, unexpected ')' in [/Applications/MAMP/htdocs/oneday_blog/app/View/Posts/detail.ctp, line 29]
2016-04-10 09:53:32 Error: [FatalErrorException] syntax error, unexpected ')'
Request URL: /oneday_blog/Posts/detail/1
Stack Trace:
#0 /Applications/MAMP/htdocs/oneday_blog/lib/Cake/Error/ErrorHandler.php(203): ErrorHandler::handleFatalError(4, 'syntax error, u...', '/Applications/M...', 29)
#1 [internal function]: ErrorHandler::handleError(4, 'syntax error, u...', '/Applications/M...', 29, Array)
#2 /Applications/MAMP/htdocs/oneday_blog/lib/Cake/Core/App.php(929): call_user_func('ErrorHandler::h...', 4, 'syntax error, u...', '/Applications/M...', 29, Array)
#3 /Applications/MAMP/htdocs/oneday_blog/lib/Cake/Core/App.php(902): App::_checkFatalError()
#4 [internal function]: App::shutdown()
#5 {main}
2016-04-10 09:53:38 Error: Fatal Error (4): syntax error, unexpected ')' in [/Applications/MAMP/htdocs/oneday_blog/app/View/Posts/detail.ctp, line 29]
2016-04-10 09:53:38 Error: [FatalErrorException] syntax error, unexpected ')'
Request URL: /oneday_blog/Posts/detail/
Stack Trace:
#0 /Applications/MAMP/htdocs/oneday_blog/lib/Cake/Error/ErrorHandler.php(203): ErrorHandler::handleFatalError(4, 'syntax error, u...', '/Applications/M...', 29)
#1 [internal function]: ErrorHandler::handleError(4, 'syntax error, u...', '/Applications/M...', 29, Array)
#2 /Applications/MAMP/htdocs/oneday_blog/lib/Cake/Core/App.php(929): call_user_func('ErrorHandler::h...', 4, 'syntax error, u...', '/Applications/M...', 29, Array)
#3 /Applications/MAMP/htdocs/oneday_blog/lib/Cake/Core/App.php(902): App::_checkFatalError()
#4 [internal function]: App::shutdown()
#5 {main}
2016-04-10 09:53:44 Error: Fatal Error (4): syntax error, unexpected ')' in [/Applications/MAMP/htdocs/oneday_blog/app/View/Posts/detail.ctp, line 29]
2016-04-10 09:53:44 Error: [FatalErrorException] syntax error, unexpected ')'
Request URL: /oneday_blog/Posts/detail/1
Stack Trace:
#0 /Applications/MAMP/htdocs/oneday_blog/lib/Cake/Error/ErrorHandler.php(203): ErrorHandler::handleFatalError(4, 'syntax error, u...', '/Applications/M...', 29)
#1 [internal function]: ErrorHandler::handleError(4, 'syntax error, u...', '/Applications/M...', 29, Array)
#2 /Applications/MAMP/htdocs/oneday_blog/lib/Cake/Core/App.php(929): call_user_func('ErrorHandler::h...', 4, 'syntax error, u...', '/Applications/M...', 29, Array)
#3 /Applications/MAMP/htdocs/oneday_blog/lib/Cake/Core/App.php(902): App::_checkFatalError()
#4 [internal function]: App::shutdown()
#5 {main}
2016-04-10 09:55:46 Error: Fatal Error (4): syntax error, unexpected ')' in [/Applications/MAMP/htdocs/oneday_blog/app/View/Posts/detail.ctp, line 30]
2016-04-10 09:55:46 Error: [FatalErrorException] syntax error, unexpected ')'
Request URL: /oneday_blog/Posts/detail/1
Stack Trace:
#0 /Applications/MAMP/htdocs/oneday_blog/lib/Cake/Error/ErrorHandler.php(203): ErrorHandler::handleFatalError(4, 'syntax error, u...', '/Applications/M...', 30)
#1 [internal function]: ErrorHandler::handleError(4, 'syntax error, u...', '/Applications/M...', 30, Array)
#2 /Applications/MAMP/htdocs/oneday_blog/lib/Cake/Core/App.php(929): call_user_func('ErrorHandler::h...', 4, 'syntax error, u...', '/Applications/M...', 30, Array)
#3 /Applications/MAMP/htdocs/oneday_blog/lib/Cake/Core/App.php(902): App::_checkFatalError()
#4 [internal function]: App::shutdown()
#5 {main}
2016-04-10 09:56:06 Error: Fatal Error (4): syntax error, unexpected '?>' in [/Applications/MAMP/htdocs/oneday_blog/app/View/Posts/detail.ctp, line 32]
2016-04-10 09:56:06 Error: [FatalErrorException] syntax error, unexpected '?>'
Request URL: /oneday_blog/Posts/detail/1
Stack Trace:
#0 /Applications/MAMP/htdocs/oneday_blog/lib/Cake/Error/ErrorHandler.php(203): ErrorHandler::handleFatalError(4, 'syntax error, u...', '/Applications/M...', 32)
#1 [internal function]: ErrorHandler::handleError(4, 'syntax error, u...', '/Applications/M...', 32, Array)
#2 /Applications/MAMP/htdocs/oneday_blog/lib/Cake/Core/App.php(929): call_user_func('ErrorHandler::h...', 4, 'syntax error, u...', '/Applications/M...', 32, Array)
#3 /Applications/MAMP/htdocs/oneday_blog/lib/Cake/Core/App.php(902): App::_checkFatalError()
#4 [internal function]: App::shutdown()
#5 {main}
2016-04-10 09:56:42 Error: Fatal Error (4): syntax error, unexpected ')' in [/Applications/MAMP/htdocs/oneday_blog/app/View/Posts/detail.ctp, line 31]
2016-04-10 09:56:42 Error: [FatalErrorException] syntax error, unexpected ')'
Request URL: /oneday_blog/Posts/detail/1
Stack Trace:
#0 /Applications/MAMP/htdocs/oneday_blog/lib/Cake/Error/ErrorHandler.php(203): ErrorHandler::handleFatalError(4, 'syntax error, u...', '/Applications/M...', 31)
#1 [internal function]: ErrorHandler::handleError(4, 'syntax error, u...', '/Applications/M...', 31, Array)
#2 /Applications/MAMP/htdocs/oneday_blog/lib/Cake/Core/App.php(929): call_user_func('ErrorHandler::h...', 4, 'syntax error, u...', '/Applications/M...', 31, Array)
#3 /Applications/MAMP/htdocs/oneday_blog/lib/Cake/Core/App.php(902): App::_checkFatalError()
#4 [internal function]: App::shutdown()
#5 {main}
2016-04-10 09:57:56 Error: Fatal Error (4): syntax error, unexpected ')' in [/Applications/MAMP/htdocs/oneday_blog/app/View/Posts/detail.ctp, line 31]
2016-04-10 09:57:56 Error: [FatalErrorException] syntax error, unexpected ')'
Request URL: /oneday_blog/Posts/detail/1
Stack Trace:
#0 /Applications/MAMP/htdocs/oneday_blog/lib/Cake/Error/ErrorHandler.php(203): ErrorHandler::handleFatalError(4, 'syntax error, u...', '/Applications/M...', 31)
#1 [internal function]: ErrorHandler::handleError(4, 'syntax error, u...', '/Applications/M...', 31, Array)
#2 /Applications/MAMP/htdocs/oneday_blog/lib/Cake/Core/App.php(929): call_user_func('ErrorHandler::h...', 4, 'syntax error, u...', '/Applications/M...', 31, Array)
#3 /Applications/MAMP/htdocs/oneday_blog/lib/Cake/Core/App.php(902): App::_checkFatalError()
#4 [internal function]: App::shutdown()
#5 {main}
2016-04-10 09:58:09 Error: Fatal Error (4): syntax error, unexpected ')' in [/Applications/MAMP/htdocs/oneday_blog/app/View/Posts/detail.ctp, line 33]
2016-04-10 09:58:09 Error: [FatalErrorException] syntax error, unexpected ')'
Request URL: /oneday_blog/Posts/detail/1
Stack Trace:
#0 /Applications/MAMP/htdocs/oneday_blog/lib/Cake/Error/ErrorHandler.php(203): ErrorHandler::handleFatalError(4, 'syntax error, u...', '/Applications/M...', 33)
#1 [internal function]: ErrorHandler::handleError(4, 'syntax error, u...', '/Applications/M...', 33, Array)
#2 /Applications/MAMP/htdocs/oneday_blog/lib/Cake/Core/App.php(929): call_user_func('ErrorHandler::h...', 4, 'syntax error, u...', '/Applications/M...', 33, Array)
#3 /Applications/MAMP/htdocs/oneday_blog/lib/Cake/Core/App.php(902): App::_checkFatalError()
#4 [internal function]: App::shutdown()
#5 {main}
2016-04-10 10:22:51 Error: Fatal Error (4): syntax error, unexpected '$users' (T_VARIABLE), expecting function (T_FUNCTION) in [/Applications/MAMP/htdocs/oneday_blog/app/Controller/PostsController.php, line 7]
2016-04-10 10:22:51 Error: [FatalErrorException] syntax error, unexpected '$users' (T_VARIABLE), expecting function (T_FUNCTION)
Request URL: /oneday_blog/Posts
Stack Trace:
#0 /Applications/MAMP/htdocs/oneday_blog/lib/Cake/Error/ErrorHandler.php(203): ErrorHandler::handleFatalError(4, 'syntax error, u...', '/Applications/M...', 7)
#1 [internal function]: ErrorHandler::handleError(4, 'syntax error, u...', '/Applications/M...', 7, Array)
#2 /Applications/MAMP/htdocs/oneday_blog/lib/Cake/Core/App.php(929): call_user_func('ErrorHandler::h...', 4, 'syntax error, u...', '/Applications/M...', 7, Array)
#3 /Applications/MAMP/htdocs/oneday_blog/lib/Cake/Core/App.php(902): App::_checkFatalError()
#4 [internal function]: App::shutdown()
#5 {main}
2016-04-10 10:22:59 Error: Fatal Error (4): syntax error, unexpected '$users' (T_VARIABLE), expecting function (T_FUNCTION) in [/Applications/MAMP/htdocs/oneday_blog/app/Controller/PostsController.php, line 7]
2016-04-10 10:22:59 Error: [FatalErrorException] syntax error, unexpected '$users' (T_VARIABLE), expecting function (T_FUNCTION)
Request URL: /oneday_blog/Posts
Stack Trace:
#0 /Applications/MAMP/htdocs/oneday_blog/lib/Cake/Error/ErrorHandler.php(203): ErrorHandler::handleFatalError(4, 'syntax error, u...', '/Applications/M...', 7)
#1 [internal function]: ErrorHandler::handleError(4, 'syntax error, u...', '/Applications/M...', 7, Array)
#2 /Applications/MAMP/htdocs/oneday_blog/lib/Cake/Core/App.php(929): call_user_func('ErrorHandler::h...', 4, 'syntax error, u...', '/Applications/M...', 7, Array)
#3 /Applications/MAMP/htdocs/oneday_blog/lib/Cake/Core/App.php(902): App::_checkFatalError()
#4 [internal function]: App::shutdown()
#5 {main}
2016-04-10 21:59:23 Error: [MissingControllerException] Controller class JsController could not be found.
Exception Attributes: array (
  'class' => 'JsController',
  'plugin' => NULL,
)
Request URL: /oneday_blog/js/jquery-1.11.0.min.js
Stack Trace:
#0 /Applications/MAMP/htdocs/oneday_blog/app/webroot/index.php(108): Dispatcher->dispatch(Object(CakeRequest), Object(CakeResponse))
#1 {main}
2016-04-10 21:59:28 Error: [MissingControllerException] Controller class JsController could not be found.
Exception Attributes: array (
  'class' => 'JsController',
  'plugin' => NULL,
)
Request URL: /oneday_blog/js/jquery-1.11.0.min.js
Stack Trace:
#0 /Applications/MAMP/htdocs/oneday_blog/app/webroot/index.php(108): Dispatcher->dispatch(Object(CakeRequest), Object(CakeResponse))
#1 {main}
2016-04-10 22:09:49 Error: [MissingControllerException] Controller class JsController could not be found.
Exception Attributes: array (
  'class' => 'JsController',
  'plugin' => NULL,
)
Request URL: /oneday_blog/js/jquery-1.11.0.min.js
Stack Trace:
#0 /Applications/MAMP/htdocs/oneday_blog/app/webroot/index.php(108): Dispatcher->dispatch(Object(CakeRequest), Object(CakeResponse))
#1 {main}
2016-04-10 22:19:58 Error: [MissingControllerException] Controller class JsController could not be found.
Exception Attributes: array (
  'class' => 'JsController',
  'plugin' => NULL,
)
Request URL: /oneday_blog/js/jquery-1.11.0.min.js
Stack Trace:
#0 /Applications/MAMP/htdocs/oneday_blog/app/webroot/index.php(108): Dispatcher->dispatch(Object(CakeRequest), Object(CakeResponse))
#1 {main}
2016-04-10 22:20:00 Error: [MissingControllerException] Controller class JsController could not be found.
Exception Attributes: array (
  'class' => 'JsController',
  'plugin' => NULL,
)
Request URL: /oneday_blog/js/jquery-1.11.0.min.js
Stack Trace:
#0 /Applications/MAMP/htdocs/oneday_blog/app/webroot/index.php(108): Dispatcher->dispatch(Object(CakeRequest), Object(CakeResponse))
#1 {main}
2016-04-10 22:20:10 Error: [MissingControllerException] Controller class JsController could not be found.
Exception Attributes: array (
  'class' => 'JsController',
  'plugin' => NULL,
)
Request URL: /oneday_blog/js/jquery-1.9.1.min.js
Stack Trace:
#0 /Applications/MAMP/htdocs/oneday_blog/app/webroot/index.php(108): Dispatcher->dispatch(Object(CakeRequest), Object(CakeResponse))
#1 {main}
2016-04-10 22:20:11 Error: [MissingControllerException] Controller class JsController could not be found.
Exception Attributes: array (
  'class' => 'JsController',
  'plugin' => NULL,
)
Request URL: /oneday_blog/js/jquery-1.9.1.min.js
Stack Trace:
#0 /Applications/MAMP/htdocs/oneday_blog/app/webroot/index.php(108): Dispatcher->dispatch(Object(CakeRequest), Object(CakeResponse))
#1 {main}
2016-04-10 22:25:15 Error: [MissingControllerException] Controller class JsController could not be found.
Exception Attributes: array (
  'class' => 'JsController',
  'plugin' => NULL,
)
Request URL: /oneday_blog/js/jquery-1.9.1.min.js
Stack Trace:
#0 /Applications/MAMP/htdocs/oneday_blog/app/webroot/index.php(108): Dispatcher->dispatch(Object(CakeRequest), Object(CakeResponse))
#1 {main}
2016-04-17 04:35:09 Error: Fatal Error (4): syntax error, unexpected ';' in [/Applications/MAMP/htdocs/oneday_blog/app/Controller/PostsController.php, line 62]
2016-04-17 04:35:09 Error: [FatalErrorException] syntax error, unexpected ';'
Request URL: /oneday_blog/Posts
Stack Trace:
#0 /Applications/MAMP/htdocs/oneday_blog/lib/Cake/Error/ErrorHandler.php(203): ErrorHandler::handleFatalError(4, 'syntax error, u...', '/Applications/M...', 62)
#1 [internal function]: ErrorHandler::handleError(4, 'syntax error, u...', '/Applications/M...', 62, Array)
#2 /Applications/MAMP/htdocs/oneday_blog/lib/Cake/Core/App.php(929): call_user_func('ErrorHandler::h...', 4, 'syntax error, u...', '/Applications/M...', 62, Array)
#3 /Applications/MAMP/htdocs/oneday_blog/lib/Cake/Core/App.php(902): App::_checkFatalError()
#4 [internal function]: App::shutdown()
#5 {main}
2016-04-17 04:47:23 Error: Fatal Error (4): syntax error, unexpected '$post' (T_VARIABLE), expecting ',' or ';' in [/Applications/MAMP/htdocs/oneday_blog/app/Controller/PostsController.php, line 65]
2016-04-17 04:47:23 Error: [FatalErrorException] syntax error, unexpected '$post' (T_VARIABLE), expecting ',' or ';'
Request URL: /oneday_blog/Posts/edit/8
Stack Trace:
#0 /Applications/MAMP/htdocs/oneday_blog/lib/Cake/Error/ErrorHandler.php(203): ErrorHandler::handleFatalError(4, 'syntax error, u...', '/Applications/M...', 65)
#1 [internal function]: ErrorHandler::handleError(4, 'syntax error, u...', '/Applications/M...', 65, Array)
#2 /Applications/MAMP/htdocs/oneday_blog/lib/Cake/Core/App.php(929): call_user_func('ErrorHandler::h...', 4, 'syntax error, u...', '/Applications/M...', 65, Array)
#3 /Applications/MAMP/htdocs/oneday_blog/lib/Cake/Core/App.php(902): App::_checkFatalError()
#4 [internal function]: App::shutdown()
#5 {main}
2016-04-17 04:50:27 Error: [PDOException] SQLSTATE[42000]: Syntax error or access violation: 1064 You have an error in your SQL syntax; check the manual that corresponds to your MySQL server version for the right syntax to use near '' at line 1
Request URL: /oneday_blog/Posts/edit/8
Stack Trace:
#0 /Applications/MAMP/htdocs/oneday_blog/lib/Cake/Model/Datasource/DboSource.php(458): PDOStatement->execute(Array)
#1 /Applications/MAMP/htdocs/oneday_blog/lib/Cake/Model/Datasource/DboSource.php(424): DboSource->_execute('update', Array)
#2 /Applications/MAMP/htdocs/oneday_blog/lib/Cake/Model/Datasource/DboSource.php(665): DboSource->execute('update', Array, Array)
#3 /Applications/MAMP/htdocs/oneday_blog/lib/Cake/Model/Datasource/DboSource.php(609): DboSource->fetchAll('update', Array, Array)
#4 /Applications/MAMP/htdocs/oneday_blog/lib/Cake/Model/Model.php(800): DboSource->query('update', Array, Object(Post))
#5 /Applications/MAMP/htdocs/oneday_blog/app/Controller/PostsController.php(68): Model->__call('update', Array)
#6 /Applications/MAMP/htdocs/oneday_blog/app/Controller/PostsController.php(68): Post->update(Array)
#7 [internal function]: PostsController->edit('8')
#8 /Applications/MAMP/htdocs/oneday_blog/lib/Cake/Controller/Controller.php(490): ReflectionMethod->invokeArgs(Object(PostsController), Array)
#9 /Applications/MAMP/htdocs/oneday_blog/lib/Cake/Routing/Dispatcher.php(185): Controller->invokeAction(Object(CakeRequest))
#10 /Applications/MAMP/htdocs/oneday_blog/lib/Cake/Routing/Dispatcher.php(160): Dispatcher->_invoke(Object(PostsController), Object(CakeRequest), Object(CakeResponse))
#11 /Applications/MAMP/htdocs/oneday_blog/app/webroot/index.php(108): Dispatcher->dispatch(Object(CakeRequest), Object(CakeResponse))
#12 {main}
2016-04-17 05:30:52 Error: Fatal Error (1): Call to a member function read() on null in [/Applications/MAMP/htdocs/oneday_blog/app/Controller/PostsController.php, line 60]
2016-04-17 05:30:52 Error: [FatalErrorException] Call to a member function read() on null
Request URL: /oneday_blog/Posts/edit/8
Stack Trace:
#0 /Applications/MAMP/htdocs/oneday_blog/lib/Cake/Error/ErrorHandler.php(203): ErrorHandler::handleFatalError(1, 'Call to a membe...', '/Applications/M...', 60)
#1 [internal function]: ErrorHandler::handleError(1, 'Call to a membe...', '/Applications/M...', 60, Array)
#2 /Applications/MAMP/htdocs/oneday_blog/lib/Cake/Core/App.php(929): call_user_func('ErrorHandler::h...', 1, 'Call to a membe...', '/Applications/M...', 60, Array)
#3 /Applications/MAMP/htdocs/oneday_blog/lib/Cake/Core/App.php(902): App::_checkFatalError()
#4 [internal function]: App::shutdown()
#5 {main}
2016-04-17 05:31:33 Error: [MissingActionException] Action PostsController::edi() could not be found.
Exception Attributes: array (
  'controller' => 'PostsController',
  'action' => 'edi',
)
Request URL: /oneday_blog/Posts/edi
Stack Trace:
#0 /Applications/MAMP/htdocs/oneday_blog/lib/Cake/Routing/Dispatcher.php(185): Controller->invokeAction(Object(CakeRequest))
#1 /Applications/MAMP/htdocs/oneday_blog/lib/Cake/Routing/Dispatcher.php(160): Dispatcher->_invoke(Object(PostsController), Object(CakeRequest), Object(CakeResponse))
#2 /Applications/MAMP/htdocs/oneday_blog/app/webroot/index.php(108): Dispatcher->dispatch(Object(CakeRequest), Object(CakeResponse))
#3 {main}
2016-04-17 06:02:49 Error: Fatal Error (4): syntax error, unexpected '$users' (T_VARIABLE) in [/Applications/MAMP/htdocs/oneday_blog/app/Controller/PostsController.php, line 61]
2016-04-17 06:02:49 Error: [FatalErrorException] syntax error, unexpected '$users' (T_VARIABLE)
Request URL: /oneday_blog/Posts
Stack Trace:
#0 /Applications/MAMP/htdocs/oneday_blog/lib/Cake/Error/ErrorHandler.php(203): ErrorHandler::handleFatalError(4, 'syntax error, u...', '/Applications/M...', 61)
#1 [internal function]: ErrorHandler::handleError(4, 'syntax error, u...', '/Applications/M...', 61, Array)
#2 /Applications/MAMP/htdocs/oneday_blog/lib/Cake/Core/App.php(929): call_user_func('ErrorHandler::h...', 4, 'syntax error, u...', '/Applications/M...', 61, Array)
#3 /Applications/MAMP/htdocs/oneday_blog/lib/Cake/Core/App.php(902): App::_checkFatalError()
#4 [internal function]: App::shutdown()
#5 {main}
